2026-05-30 06:07:51 [INFO] c.i.management.ManagementApplication - Starting ManagementApplication using Java 17.0.12 with PID 9332 (D:\INV\INV-BACKEND\management\target\classes started by WELCOME in D:\INV\INV-BACKEND\management)
2026-05-30 06:07:51 [DEBUG] c.i.management.ManagementApplication - Running with Spring Boot v4.0.5, Spring v7.0.6
2026-05-30 06:07:51 [INFO] c.i.management.ManagementApplication - No active profile set, falling back to 1 default profile: "default"
2026-05-30 06:07:51 [INFO] o.s.b.d.e.DevToolsPropertyDefaultsPostProcessor - Devtools property defaults active! Set 'spring.devtools.add-properties' to 'false' to disable
2026-05-30 06:07:51 [INFO] o.s.b.d.e.DevToolsPropertyDefaultsPostProcessor - For additional web related logging consider setting the 'logging.level.web' property to 'DEBUG'
2026-05-30 06:07:54 [INFO] o.s.d.r.c.RepositoryConfigurationDelegate - Bootstrapping Spring Data JPA repositories in DEFAULT mode.
2026-05-30 06:07:55 [INFO] o.s.d.r.c.RepositoryConfigurationDelegate - Finished Spring Data repository scanning in 392 ms. Found 11 JPA repository interfaces.
2026-05-30 06:07:59 [INFO] o.s.boot.tomcat.TomcatWebServer - Tomcat initialized with port 8080 (http)
2026-05-30 06:07:59 [INFO] o.a.catalina.core.StandardService - Starting service [Tomcat]
2026-05-30 06:07:59 [INFO] o.a.catalina.core.StandardEngine - Starting Servlet engine: [Apache Tomcat/11.0.20]
2026-05-30 06:08:00 [INFO] o.s.b.w.c.s.WebApplicationContextInitializer - Root WebApplicationContext: initialization completed in 8020 ms
2026-05-30 06:08:00 [DEBUG] c.i.management.config.JwtFilter - Filter 'jwtFilter' configured for use
2026-05-30 06:08:00 [INFO] org.hibernate.orm.jpa - HHH008540: Processing PersistenceUnitInfo [name: default]
2026-05-30 06:08:00 [INFO] org.hibernate.orm.core - HHH000001: Hibernate ORM core version 7.2.7.Final
2026-05-30 06:08:02 [INFO] o.s.o.j.p.SpringPersistenceUnitInfo - No LoadTimeWeaver setup: ignoring JPA class transformer
2026-05-30 06:08:02 [INFO] com.zaxxer.hikari.HikariDataSource - HikariPool-1 - Starting...
2026-05-30 06:08:07 [INFO] com.zaxxer.hikari.pool.HikariPool - HikariPool-1 - Added connection org.postgresql.jdbc.PgConnection@1c2b394f
2026-05-30 06:08:07 [INFO] com.zaxxer.hikari.HikariDataSource - HikariPool-1 - Start completed.
2026-05-30 06:08:09 [INFO] o.hibernate.orm.connections.pooling - HHH10001005: Database info:
	Database JDBC URL [jdbc:postgresql://zephyr.proxy.rlwy.net:37048/railway]
	Database driver: PostgreSQL JDBC Driver
	Database dialect: PostgreSQLDialect
	Database version: 18.4
	Default catalog/schema: railway/public
	Autocommit mode: undefined/unknown
	Isolation level: READ_COMMITTED [default READ_COMMITTED]
	JDBC fetch size: none
	Pool: DataSourceConnectionProvider
	Minimum pool size: undefined/unknown
	Maximum pool size: undefined/unknown
2026-05-30 06:08:13 [INFO] org.hibernate.orm.core - HHH000489: No JTA platform available (set 'hibernate.transaction.jta.platform' to enable JTA platform integration)
2026-05-30 06:08:16 [INFO] o.s.o.j.LocalContainerEntityManagerFactoryBean - Initialized JPA EntityManagerFactory for persistence unit 'default'
2026-05-30 06:08:16 [INFO] o.s.d.j.r.q.QueryEnhancerFactories - Hibernate is in classpath; If applicable, HQL parser will be used.
2026-05-30 06:08:17 [WARN] o.s.b.j.a.JpaBaseConfiguration$JpaWebConfiguration - spring.jpa.open-in-view is enabled by default. Therefore, database queries may be performed during view rendering. Explicitly configure spring.jpa.open-in-view to disable this warning
2026-05-30 06:08:17 [WARN] o.s.b.s.a.UserDetailsServiceAutoConfiguration - 

Using generated security password: bc0261c8-312c-4483-9b9f-7e82c6efe30f

This generated password is for development use only. Your security configuration must be updated before running your application in production.

2026-05-30 06:08:17 [INFO] o.s.s.c.a.a.c.InitializeUserDetailsBeanManagerConfigurer$InitializeUserDetailsManagerConfigurer - Global AuthenticationManager configured with UserDetailsService bean with name inMemoryUserDetailsManager
2026-05-30 06:08:18 [DEBUG] o.s.s.web.DefaultSecurityFilterChain - Will secure any request with filters: DisableEncodeUrlFilter, WebAsyncManagerIntegrationFilter, SecurityContextHolderFilter, HeaderWriterFilter, CorsFilter, LogoutFilter, JwtFilter, RequestCacheAwareFilter, SecurityContextHolderAwareRequestFilter, AnonymousAuthenticationFilter, SessionManagementFilter, ExceptionTranslationFilter, AuthorizationFilter
2026-05-30 06:08:19 [INFO] o.s.boot.tomcat.TomcatWebServer - Tomcat started on port 8080 (http) with context path '/'
2026-05-30 06:08:19 [INFO] c.i.management.ManagementApplication - Started ManagementApplication in 28.766 seconds (process running for 32.145)
2026-05-30 06:20:57 [INFO] o.s.boot.tomcat.GracefulShutdown - Commencing graceful shutdown. Waiting for active requests to complete
2026-05-30 06:20:57 [INFO] o.s.boot.tomcat.GracefulShutdown - Graceful shutdown complete
2026-05-30 06:20:57 [INFO] o.s.o.j.LocalContainerEntityManagerFactoryBean - Closing JPA EntityManagerFactory for persistence unit 'default'
2026-05-30 06:20:57 [INFO] com.zaxxer.hikari.HikariDataSource - HikariPool-1 - Shutdown initiated...
2026-05-30 06:20:58 [INFO] com.zaxxer.hikari.HikariDataSource - HikariPool-1 - Shutdown completed.
